<?xml version="1.0" encoding="UTF-8"?>
<testsuites name="TestSuite_LoginProcess" time="15.488" tests="1" failures="0" skips="0" errors="0">
   <testsuite name="TestSuite_LoginProcess" tests="1" failures="0" errors="0" time="15.488" skips="0" timestamp="2021-01-16 18:35:22" hostname="Zymo - Zymo" id="Test Suites/TestSuite_LoginProcess">
      <properties>
         <property name="deviceName" value=""/>
         <property name="devicePlatform" value=""/>
         <property name="logFolder" value="F:\\KatalonWorkspace\\WebStore_Test\\WebStore_Test\\Reports\\20210116_183520\\TestSuite_LoginProcess\\20210116_183520"/>
         <property name="logFiles" value="F:\\KatalonWorkspace\\WebStore_Test\\WebStore_Test\\Reports\\20210116_183520\\TestSuite_LoginProcess\\20210116_183520\\execution0.log"/>
         <property name="attachments" value=""/>
         <property name="hostName" value="Zymo - Zymo"/>
         <property name="os" value="Windows 10 64bit"/>
         <property name="katalonVersion" value="7.8.0.208"/>
         <property name="browser" value="Chrome 87.0.4280.141"/>
         <property name="hostAddress" value="192.168.100.4"/>
         <property name="sessionId" value="7b58bdb4b9a272937d92b8823393a802"/>
         <property name="seleniumVersion" value="3.141.59"/>
         <property name="proxyInformation" value="ProxyInformation { proxyOption=NO_PROXY, proxyServerType=HTTP, username=, password=********, proxyServerAddress=, proxyServerPort=0, executionList=&quot;&quot;, isApplyToDesiredCapabilities=true }"/>
         <property name="platform" value="Windows 10"/>
      </properties>
      <testcase name="Test Cases/Login/Logging_in" time="15.006" classname="Test Cases/Login/Logging_in" status="PASSED">
         <system-out><![CDATA[2021-01-16 18:35:23 - [TEST_CASE][PASSED] - Test Cases/Login/Logging_in: Test Cases/Login/Logging_in

2021-01-16 18:35:23 - [TEST_STEP][PASSED] - openBrowser(""): Browser is opened with url: ''

2021-01-16 18:35:23 - [MESSAGE][INFO] - Starting 'Chrome' driver

2021-01-16 18:35:23 - [MESSAGE][INFO] - Action delay is set to 0 milliseconds

2021-01-16 18:35:27 - [MESSAGE][PASSED] - Browser is opened with url: ''

2021-01-16 18:35:27 - [TEST_STEP][PASSED] - navigateToUrl(rawUrl = Web_URL): Navigate to 'http://automationpractice.com/index.php' successfully

2021-01-16 18:35:31 - [MESSAGE][PASSED] - Navigate to 'http://automationpractice.com/index.php' successfully

2021-01-16 18:35:31 - [TEST_STEP][PASSED] - click(findTestObject("Object Repository/Login_Test/Sign_btn")): Object: 'Object Repository/Login_Test/Sign_btn' is clicked on

2021-01-16 18:35:33 - [MESSAGE][PASSED] - Object: 'Object Repository/Login_Test/Sign_btn' is clicked on

2021-01-16 18:35:33 - [TEST_STEP][PASSED] - setText(findTestObject("Object Repository/Login_Test/Email_field"), Register_Email): Text 'testowanie5.op@wp.pl' is set on object 'Object Repository/Login_Test/Email_field'

2021-01-16 18:35:33 - [MESSAGE][PASSED] - Text 'testowanie5.op@wp.pl' is set on object 'Object Repository/Login_Test/Email_field'

2021-01-16 18:35:33 - [TEST_STEP][PASSED] - setText(findTestObject("Object Repository/Login_Test/Password_field"), Reg_Password): Text 'T3stowanie1234' is set on object 'Object Repository/Login_Test/Password_field'

2021-01-16 18:35:33 - [MESSAGE][PASSED] - Text 'T3stowanie1234' is set on object 'Object Repository/Login_Test/Password_field'

2021-01-16 18:35:33 - [TEST_STEP][PASSED] - click(findTestObject("Object Repository/Login_Test/Submit_btn")): Object: 'Object Repository/Login_Test/Submit_btn' is clicked on

2021-01-16 18:35:35 - [MESSAGE][PASSED] - Object: 'Object Repository/Login_Test/Submit_btn' is clicked on

2021-01-16 18:35:35 - [TEST_STEP][PASSED] - name = getText(findTestObject("Object Repository/Login_Test/Name_check")): Text of object 'Object Repository/Login_Test/Name_check' is: 'Tester Oprogramowania'

2021-01-16 18:35:35 - [MESSAGE][PASSED] - Text of object 'Object Repository/Login_Test/Name_check' is: 'Tester Oprogramowania'

2021-01-16 18:35:35 - [TEST_STEP][PASSED] - REname = concatenate(First_Name_Login, Last_Name): Concatenated string array: '['Tester ','Oprogramowania']' into 'Tester Oprogramowania'

2021-01-16 18:35:35 - [MESSAGE][PASSED] - Concatenated string array: '['Tester ','Oprogramowania']' into 'Tester Oprogramowania'

2021-01-16 18:35:35 - [TEST_STEP][PASSED] - try: null

2021-01-16 18:35:35 - [TEST_STEP][PASSED] - assert name == REname: null

2021-01-16 18:35:35 - [TEST_STEP][PASSED] - click(findTestObject("Object Repository/Login_Test/Log_out_btn")): Object: 'Object Repository/Login_Test/Log_out_btn' is clicked on

2021-01-16 18:35:37 - [MESSAGE][PASSED] - Object: 'Object Repository/Login_Test/Log_out_btn' is clicked on

2021-01-16 18:35:37 - [TEST_STEP][PASSED] - closeBrowser(): Browser is closed

2021-01-16 18:35:38 - [MESSAGE][PASSED] - Browser is closed]]></system-out>
         <system-err><![CDATA[]]></system-err>
      </testcase>
      <system-out><![CDATA[2021-01-16 18:35:22 - [TEST_SUITE][INCOMPLETE] - TestSuite_LoginProcess: null]]></system-out>
      <system-err><![CDATA[2021-01-16 18:35:22 - [TEST_SUITE][INCOMPLETE] - TestSuite_LoginProcess: null]]></system-err>
   </testsuite>
</testsuites>
